<?xml version="1.0" encoding="UTF-8"?>
<!-- Generated by org.testng.reporters.JUnitXMLReporter -->
<testsuite ignored="0" hostname="jkannamp" failures="0" tests="4" name="Default test" time="19.068" errors="0" timestamp="2026-01-10T07:07:31 GMT">
  <testcase classname="testscript.LoginTest" name="verifyloginWithValidCredentails" time="3.087"/>
  <testcase classname="testscript.LoginTest" name="verifyloginInvalidPassword" time="0.84"/>
  <testcase classname="testscript.LoginTest" name="verifyloginInvalidUsername" time="0.791"/>
  <testcase classname="testscript.LoginTest" name="verifyloginInvalidUsernamePassword" time="0.707"/>
</testsuite> <!-- Default test -->
