<?xml version="1.0" encoding="UTF-8"?>
<!-- Generated by org.testng.reporters.JUnitXMLReporter -->
<testsuite ignored="0" hostname="jkannamp" failures="1" tests="7" name="Test" time="24.962" errors="0" timestamp="2026-01-07T07:59:33 GMT">
  <testcase classname="com.demogrocery.app.AppTest" name="shouldAnswerWithTrue" time="0.025"/>
  <testcase classname="testscript.LoginTest" name="verifyloginwithvalidcredentails" time="2.176">
    <skipped/>
  </testcase> <!-- verifyloginwithvalidcredentails -->
  <testcase classname="testscript.LoginTest" name="verifyloginwithvalidcredentails" time="0.233">
    <skipped/>
  </testcase> <!-- verifyloginwithvalidcredentails -->
  <testcase classname="testscript.LoginTest" name="verifyloginwithvalidcredentails" time="0.197">
    <failure type="java.lang.NullPointerException" message="Cannot invoke &amp;quot;org.apache.poi.xssf.usermodel.XSSFCell.getStringCellValue()&amp;quot; because &amp;quot;c&amp;quot; is null">
      <![CDATA[java.lang.NullPointerException: Cannot invoke "org.apache.poi.xssf.usermodel.XSSFCell.getStringCellValue()" because "c" is null
at utilities.ExcelUtility.readStringData(ExcelUtility.java:25)
at testscript.LoginTest.verifyloginwithvalidcredentails(LoginTest.java:20)
at java.base/java.util.ArrayList.forEach(ArrayList.java:1596)
... Removed 25 stack frames]]>
    </failure>
  </testcase> <!-- verifyloginwithvalidcredentails -->
  <testcase classname="testscript.LoginTest" name="verifylogininvalidpassword" time="0.939"/>
  <testcase classname="testscript.LoginTest" name="verifylogininvalidusername" time="0.825"/>
  <testcase classname="testscript.LoginTest" name="verifylogininvalidusernamepwd" time="0.847"/>
</testsuite> <!-- Test -->
