<?xml version="1.0" encoding="UTF-8"?>
<!-- Generated by org.testng.reporters.JUnitReportReporter -->
<testsuite hostname="jkannamp" failures="0" tests="2" name="testscript.FooterTextTest" time="17.861" errors="0" timestamp="2026-01-07T07:12:39 GMT" skipped="0">
  <testcase classname="testscript.FooterTextTest" name="verifyFooterTextUpdate" time="7.756"/>
  <testcase classname="testscript.FooterTextTest" name="verifyFooterTextUpdate" time="10.105"/>
</testsuite> <!-- testscript.FooterTextTest -->
