<?xml version="1.0" encoding="UTF-8"?>
<!-- Generated by org.testng.reporters.JUnitReportReporter -->
<testsuite hostname="jkannamp" failures="0" tests="4" name="testscript.LoginTest" time="17.490" errors="0" timestamp="2026-01-07T17:43:00 GMT" skipped="0">
  <testcase classname="testscript.LoginTest" name="verifyloginwithvalidcredentails" time="6.477"/>
  <testcase classname="testscript.LoginTest" name="verifylogininvalidpassword" time="3.708"/>
  <testcase classname="testscript.LoginTest" name="verifylogininvalidusername" time="3.649"/>
  <testcase classname="testscript.LoginTest" name="verifylogininvalidusernamepwd" time="3.656"/>
</testsuite> <!-- testscript.LoginTest -->
