<?xml version="1.0" encoding="UTF-8"?>
<!-- Generated by org.testng.reporters.JUnitReportReporter -->
<testsuite hostname="jkannamp" failures="0" tests="4" name="testscript.LoginTest" time="17.643" errors="0" timestamp="2026-01-13T12:40:48 GMT" skipped="0">
  <testcase classname="testscript.LoginTest" name="verifyloginWithValidCredentails" time="6.236"/>
  <testcase classname="testscript.LoginTest" name="verifyloginInvalidPassword" time="4.134"/>
  <testcase classname="testscript.LoginTest" name="verifyloginInvalidUsername" time="3.609"/>
  <testcase classname="testscript.LoginTest" name="verifyloginInvalidUsernamePassword" time="3.664"/>
</testsuite> <!-- testscript.LoginTest -->
