<?xml version="1.0" encoding="UTF-8"?>
<!-- Generated by org.testng.reporters.JUnitReportReporter -->
<testsuite hostname="jkannamp" failures="0" tests="2" name="com.demogrocery.app.AppTest" time="0.016" errors="0" timestamp="2026-01-09T06:32:50 GMT" skipped="0">
  <testcase classname="com.demogrocery.app.AppTest" name="shouldAnswerWithTrue" time="0.015"/>
  <testcase classname="com.demogrocery.app.AppTest" name="shouldAnswerWithTrue" time="0.001"/>
</testsuite> <!-- com.demogrocery.app.AppTest -->
