<?xml version="1.0" encoding="UTF-8"?>
<!-- Generated by org.testng.reporters.JUnitReportReporter -->
<testsuite hostname="jkannamp" failures="0" tests="2" name="testscript.FooterTextTest" time="25.982" errors="0" timestamp="2026-01-07T07:02:59 GMT" skipped="0">
  <testcase classname="testscript.FooterTextTest" name="verifyFooterTextUpdate" time="8.423"/>
  <testcase classname="testscript.FooterTextTest" name="verifyFooterTextUpdate" time="17.559"/>
</testsuite> <!-- testscript.FooterTextTest -->
