<?xml version="1.0" encoding="UTF-8"?>
<!-- Generated by org.testng.reporters.JUnitXMLReporter -->
<testsuite ignored="0" hostname="jkannamp" failures="0" tests="11" name="ChromeTest" time="61.331" errors="0" timestamp="2026-01-09T06:31:14 GMT">
  <testcase classname="com.demogrocery.app.AppTest" name="shouldAnswerWithTrue" time="0.015"/>
  <testcase classname="testscript.LoginTest" name="verifyloginWithValidCredentails" time="2.991"/>
  <testcase classname="testscript.LoginTest" name="verifyloginInvalidPassword" time="0.881"/>
  <testcase classname="testscript.LoginTest" name="verifyloginInvalidUsername" time="0.888"/>
  <testcase classname="testscript.LoginTest" name="verifyloginInvalidUsernamePassword" time="0.877"/>
  <testcase classname="testscript.NewsTest" name="verifyNewsIsCreated" time="3.462"/>
  <testcase classname="testscript.LogoutTest" name="verifylogout" time="2.614"/>
  <testcase classname="testscript.AdminTest" name="verifyAdminusersSave" time="3.789"/>
  <testcase classname="testscript.FooterTextTest" name="verifyFooterTextUpdate" time="3.441"/>
  <testcase classname="testscript.ContactTest" name="verifyContactPageUpdate" time="4.818"/>
  <testcase classname="testscript.CategoryTest" name="verifyCategoryPageAdd" time="3.497"/>
</testsuite> <!-- ChromeTest -->
