<?xml version="1.0" encoding="UTF-8"?>
<!-- Generated by org.testng.reporters.JUnitXMLReporter -->
<testsuite ignored="0" hostname="jkannamp" failures="0" tests="11" name="FirefoxTest" time="95.942" errors="0" timestamp="2026-01-09T06:32:50 GMT">
  <testcase classname="com.demogrocery.app.AppTest" name="shouldAnswerWithTrue" time="0.001"/>
  <testcase classname="testscript.LoginTest" name="verifyloginWithValidCredentails" time="1.06"/>
  <testcase classname="testscript.LoginTest" name="verifyloginInvalidPassword" time="0.57"/>
  <testcase classname="testscript.LoginTest" name="verifyloginInvalidUsername" time="0.601"/>
  <testcase classname="testscript.LoginTest" name="verifyloginInvalidUsernamePassword" time="0.524"/>
  <testcase classname="testscript.NewsTest" name="verifyNewsIsCreated" time="2.98"/>
  <testcase classname="testscript.LogoutTest" name="verifylogout" time="2.101"/>
  <testcase classname="testscript.AdminTest" name="verifyAdminusersSave" time="2.881"/>
  <testcase classname="testscript.FooterTextTest" name="verifyFooterTextUpdate" time="3.136"/>
  <testcase classname="testscript.ContactTest" name="verifyContactPageUpdate" time="3.569"/>
  <testcase classname="testscript.CategoryTest" name="verifyCategoryPageAdd" time="2.542"/>
</testsuite> <!-- FirefoxTest -->
