<?xml version="1.0" encoding="UTF-8"?>
<testng-results ignored="0" total="4" passed="4" failed="0" skipped="0">
  <reporter-output>
  </reporter-output>
  <suite started-at="2026-01-10T07:07:12 GMT" name="Default suite" finished-at="2026-01-10T07:07:31 GMT" duration-ms="19068">
    <groups>
      <group name="regression">
        <method signature="LoginTest.verifyloginWithValidCredentails()[pri:1, instance:testscript.LoginTest@3e694b3f]" name="verifyloginWithValidCredentails" class="testscript.LoginTest"/>
      </group> <!-- regression -->
    </groups>
    <test started-at="2026-01-10T07:07:12 GMT" name="Default test" finished-at="2026-01-10T07:07:31 GMT" duration-ms="19068">
      <class name="testscript.LoginTest">
        <test-method is-config="true" signature="browserInitialization(java.lang.String)[pri:0, instance:testscript.LoginTest@3e694b3f]" started-at="2026-01-10T07:07:12 GMT" name="browserInitialization" finished-at="2026-01-10T07:07:16 GMT" duration-ms="3702" status="PASS">
          <params>
            <param index="0">
              <value>
                <![CDATA[chrome]]>
              </value>
            </param>
          </params>
          <reporter-output>
          </reporter-output>
        </test-method> <!-- browserInitialization -->
        <test-method signature="verifyloginWithValidCredentails()[pri:1, instance:testscript.LoginTest@3e694b3f]" started-at="2026-01-10T07:07:16 GMT" name="verifyloginWithValidCredentails" description="verifyloginWithValidCredentails" finished-at="2026-01-10T07:07:19 GMT" duration-ms="3087" status="PASS">
          <reporter-output>
          </reporter-output>
        </test-method> <!-- verifyloginWithValidCredentails -->
        <test-method is-config="true" signature="browserClose(org.testng.ITestResult)[pri:0, instance:testscript.LoginTest@3e694b3f]" started-at="2026-01-10T07:07:19 GMT" name="browserClose" finished-at="2026-01-10T07:07:19 GMT" duration-ms="206" status="PASS">
          <params>
            <param index="0">
              <value>
                <![CDATA[[TestResult name=verifyloginWithValidCredentails status=SUCCESS method=LoginTest.verifyloginWithValidCredentails()[pri:1, instance:testscript.LoginTest@3e694b3f] output={null}]]]>
              </value>
            </param>
          </params>
          <reporter-output>
          </reporter-output>
        </test-method> <!-- browserClose -->
        <test-method is-config="true" signature="browserInitialization(java.lang.String)[pri:0, instance:testscript.LoginTest@3e694b3f]" started-at="2026-01-10T07:07:19 GMT" name="browserInitialization" finished-at="2026-01-10T07:07:22 GMT" duration-ms="2702" status="PASS">
          <params>
            <param index="0">
              <value>
                <![CDATA[chrome]]>
              </value>
            </param>
          </params>
          <reporter-output>
          </reporter-output>
        </test-method> <!-- browserInitialization -->
        <test-method signature="verifyloginInvalidPassword()[pri:2, instance:testscript.LoginTest@3e694b3f]" started-at="2026-01-10T07:07:22 GMT" name="verifyloginInvalidPassword" description="verifyloginInvalidPassword" finished-at="2026-01-10T07:07:22 GMT" duration-ms="840" status="PASS">
          <reporter-output>
          </reporter-output>
        </test-method> <!-- verifyloginInvalidPassword -->
        <test-method is-config="true" signature="browserClose(org.testng.ITestResult)[pri:0, instance:testscript.LoginTest@3e694b3f]" started-at="2026-01-10T07:07:22 GMT" name="browserClose" finished-at="2026-01-10T07:07:23 GMT" duration-ms="159" status="PASS">
          <params>
            <param index="0">
              <value>
                <![CDATA[[TestResult name=verifyloginInvalidPassword status=SUCCESS method=LoginTest.verifyloginInvalidPassword()[pri:2, instance:testscript.LoginTest@3e694b3f] output={null}]]]>
              </value>
            </param>
          </params>
          <reporter-output>
          </reporter-output>
        </test-method> <!-- browserClose -->
        <test-method is-config="true" signature="browserInitialization(java.lang.String)[pri:0, instance:testscript.LoginTest@3e694b3f]" started-at="2026-01-10T07:07:23 GMT" name="browserInitialization" finished-at="2026-01-10T07:07:26 GMT" duration-ms="3465" status="PASS">
          <params>
            <param index="0">
              <value>
                <![CDATA[chrome]]>
              </value>
            </param>
          </params>
          <reporter-output>
          </reporter-output>
        </test-method> <!-- browserInitialization -->
        <test-method signature="verifyloginInvalidUsername()[pri:3, instance:testscript.LoginTest@3e694b3f]" started-at="2026-01-10T07:07:26 GMT" name="verifyloginInvalidUsername" description="verifyloginInvalidUsername" finished-at="2026-01-10T07:07:27 GMT" duration-ms="791" status="PASS">
          <reporter-output>
          </reporter-output>
        </test-method> <!-- verifyloginInvalidUsername -->
        <test-method is-config="true" signature="browserClose(org.testng.ITestResult)[pri:0, instance:testscript.LoginTest@3e694b3f]" started-at="2026-01-10T07:07:27 GMT" name="browserClose" finished-at="2026-01-10T07:07:27 GMT" duration-ms="176" status="PASS">
          <params>
            <param index="0">
              <value>
                <![CDATA[[TestResult name=verifyloginInvalidUsername status=SUCCESS method=LoginTest.verifyloginInvalidUsername()[pri:3, instance:testscript.LoginTest@3e694b3f] output={null}]]]>
              </value>
            </param>
          </params>
          <reporter-output>
          </reporter-output>
        </test-method> <!-- browserClose -->
        <test-method is-config="true" signature="browserInitialization(java.lang.String)[pri:0, instance:testscript.LoginTest@3e694b3f]" started-at="2026-01-10T07:07:27 GMT" name="browserInitialization" finished-at="2026-01-10T07:07:30 GMT" duration-ms="2905" status="PASS">
          <params>
            <param index="0">
              <value>
                <![CDATA[chrome]]>
              </value>
            </param>
          </params>
          <reporter-output>
          </reporter-output>
        </test-method> <!-- browserInitialization -->
        <test-method signature="verifyloginInvalidUsernamePassword(java.lang.String,java.lang.String)[pri:4, instance:testscript.LoginTest@3e694b3f]" started-at="2026-01-10T07:07:30 GMT" name="verifyloginInvalidUsernamePassword" description="verifyloginInvalidUsernamePassword" data-provider="LoginProvider" finished-at="2026-01-10T07:07:31 GMT" duration-ms="707" status="PASS">
          <params>
            <param index="0">
              <value>
                <![CDATA[adminiyh887]]>
              </value>
            </param>
            <param index="1">
              <value>
                <![CDATA[adminiyh887]]>
              </value>
            </param>
          </params>
          <reporter-output>
          </reporter-output>
        </test-method> <!-- verifyloginInvalidUsernamePassword -->
        <test-method is-config="true" signature="browserClose(org.testng.ITestResult)[pri:0, instance:testscript.LoginTest@3e694b3f]" started-at="2026-01-10T07:07:31 GMT" name="browserClose" finished-at="2026-01-10T07:07:31 GMT" duration-ms="178" status="PASS">
          <params>
            <param index="0">
              <value>
                <![CDATA[[TestResult name=verifyloginInvalidUsernamePassword status=SUCCESS method=LoginTest.verifyloginInvalidUsernamePassword(java.lang.String,java.lang.String)[pri:4, instance:testscript.LoginTest@3e694b3f] output={null}]]]>
              </value>
            </param>
          </params>
          <reporter-output>
          </reporter-output>
        </test-method> <!-- browserClose -->
      </class> <!-- testscript.LoginTest -->
    </test> <!-- Default test -->
  </suite> <!-- Default suite -->
</testng-results>
