<?xml version="1.0" encoding="UTF-8"?>
<!-- Generated by org.testng.reporters.JUnitXMLReporter -->
<testsuite ignored="10" hostname="jkannamp" failures="1" tests="3" name="ChromeTest" time="13.139" errors="0" timestamp="2026-01-07T07:54:40 GMT">
  <testcase classname="testscript.LoginTest" name="verifyloginwithvalidcredentails" time="1.539">
    <skipped/>
  </testcase> <!-- verifyloginwithvalidcredentails -->
  <testcase classname="testscript.LoginTest" name="verifyloginwithvalidcredentails" time="0.254">
    <skipped/>
  </testcase> <!-- verifyloginwithvalidcredentails -->
  <testcase classname="testscript.LoginTest" name="verifyloginwithvalidcredentails" time="0.193">
    <failure type="java.lang.NullPointerException" message="Cannot invoke &amp;quot;org.apache.poi.xssf.usermodel.XSSFCell.getStringCellValue()&amp;quot; because &amp;quot;c&amp;quot; is null">
      <![CDATA[java.lang.NullPointerException: Cannot invoke "org.apache.poi.xssf.usermodel.XSSFCell.getStringCellValue()" because "c" is null
at utilities.ExcelUtility.readStringData(ExcelUtility.java:25)
at testscript.LoginTest.verifyloginwithvalidcredentails(LoginTest.java:20)
at java.base/java.util.ArrayList.forEach(ArrayList.java:1596)
at java.base/java.util.concurrent.FutureTask.run(FutureTask.java:317)
at java.base/java.util.concurrent.ThreadPoolExecutor.runWorker(ThreadPoolExecutor.java:1144)
at java.base/java.util.concurrent.ThreadPoolExecutor$Worker.run(ThreadPoolExecutor.java:642)
at java.base/java.lang.Thread.run(Thread.java:1583)
... Removed 15 stack frames]]>
    </failure>
  </testcase> <!-- verifyloginwithvalidcredentails -->
  <testcase classname="testscript.LoginTest" name="verifylogininvalidusername" time="0.0">
    <ignored/>
  </testcase> <!-- verifylogininvalidusername -->
  <testcase classname="testscript.NewsTest" name="verifyNewsIsCreated" time="0.0">
    <ignored/>
  </testcase> <!-- verifyNewsIsCreated -->
  <testcase classname="testscript.LogoutTest" name="verifylogout" time="0.0">
    <ignored/>
  </testcase> <!-- verifylogout -->
  <testcase classname="testscript.CategoryTest" name="verifyCategoryPageUpdate" time="0.0">
    <ignored/>
  </testcase> <!-- verifyCategoryPageUpdate -->
  <testcase classname="testscript.LoginTest" name="verifylogininvalidpassword" time="0.0">
    <ignored/>
  </testcase> <!-- verifylogininvalidpassword -->
  <testcase classname="testscript.LoginTest" name="verifylogininvalidusernamepwd" time="0.0">
    <ignored/>
  </testcase> <!-- verifylogininvalidusernamepwd -->
  <testcase classname="testscript.AdminTest" name="verifyAdminusersSave" time="0.0">
    <ignored/>
  </testcase> <!-- verifyAdminusersSave -->
  <testcase classname="testscript.ContactTest" name="verifyContactPageUpdate" time="0.0">
    <ignored/>
  </testcase> <!-- verifyContactPageUpdate -->
  <testcase classname="com.demogrocery.app.AppTest" name="shouldAnswerWithTrue" time="0.0">
    <ignored/>
  </testcase> <!-- shouldAnswerWithTrue -->
  <testcase classname="testscript.FooterTextTest" name="verifyFooterTextUpdate" time="0.0">
    <ignored/>
  </testcase> <!-- verifyFooterTextUpdate -->
</testsuite> <!-- ChromeTest -->
