<?xml version="1.0" encoding="UTF-8"?>
<!-- Generated by org.testng.reporters.JUnitXMLReporter -->
<testsuite ignored="0" hostname="jkannamp" failures="0" tests="11" name="ChromeTest" time="74.364" errors="0" timestamp="2026-01-09T06:28:52 GMT">
  <testcase classname="com.demogrocery.app.AppTest" name="shouldAnswerWithTrue" time="0.014"/>
  <testcase classname="testscript.AdminTest" name="verifyAdminusersSave" time="6.114"/>
  <testcase classname="testscript.CategoryTest" name="verifyCategoryPageAdd" time="3.907"/>
  <testcase classname="testscript.ContactTest" name="verifyContactPageUpdate" time="5.537"/>
  <testcase classname="testscript.FooterTextTest" name="verifyFooterTextUpdate" time="4.733"/>
  <testcase classname="testscript.NewsTest" name="verifyNewsIsCreated" time="4.46"/>
  <testcase classname="testscript.LoginTest" name="verifyloginWithValidCredentails" time="1.27"/>
  <testcase classname="testscript.LogoutTest" name="verifylogout" time="3.653"/>
  <testcase classname="testscript.LoginTest" name="verifyloginInvalidPassword" time="1.024"/>
  <testcase classname="testscript.LoginTest" name="verifyloginInvalidUsername" time="1.017"/>
  <testcase classname="testscript.LoginTest" name="verifyloginInvalidUsernamePassword" time="0.917"/>
</testsuite> <!-- ChromeTest -->
