<?xml version="1.0" encoding="UTF-8"?>
<!-- Generated by org.testng.reporters.JUnitXMLReporter -->
<testsuite ignored="0" hostname="jkannamp" failures="1" tests="11" name="ChromeTest" time="63.583" errors="0" timestamp="2026-01-07T07:11:03 GMT">
  <testcase classname="com.demogrocery.app.AppTest" name="shouldAnswerWithTrue" time="0.012"/>
  <testcase classname="testscript.LoginTest" name="verifyloginwithvalidcredentails" time="3.129"/>
  <testcase classname="testscript.LoginTest" name="verifylogininvalidpassword" time="0.879"/>
  <testcase classname="testscript.LoginTest" name="verifylogininvalidusername" time="0.875"/>
  <testcase classname="testscript.LoginTest" name="verifylogininvalidusernamepwd" time="0.93"/>
  <testcase classname="testscript.NewsTest" name="verifyNewsIsCreated" time="3.738"/>
  <testcase classname="testscript.LogoutTest" name="verifylogout" time="2.988"/>
  <testcase classname="testscript.AdminTest" name="verifyAdminusersSave" time="4.842"/>
  <testcase classname="testscript.FooterTextTest" name="verifyFooterTextUpdate" time="4.329"/>
  <testcase classname="testscript.ContactTest" name="verifyContactPageUpdate" time="4.713">
    <failure type="org.openqa.selenium.ElementClickInterceptedException" message="element click intercepted: Element is not clickable at point (331, 697)
  (Session info: chrome=142.0.7444.176)
Build info: version: &amp;apos;4.38.0&amp;apos;, revision: &amp;apos;6b412e825c*&amp;apos;
System info: os.name: &amp;apos;Windows 11&amp;apos;, os.arch: &amp;apos;amd64&amp;apos;, os.version: &amp;apos;10.0&amp;apos;, java.version: &amp;apos;21.0.9&amp;apos;
Driver info: org.openqa.selenium.chrome.ChromeDriver
Command: [df974e70100b39181ad25762553fcb4d, clickElement {id=f.5232E5C6691930A33C8DE0F89C0CF6A3.d.FB372B53FF038BBC5C3903AC92FC7FF7.e.71}]
Capabilities {acceptInsecureCerts: false, browserName: chrome, browserVersion: 142.0.7444.176, chrome: {chromedriverVersion: 142.0.7444.175 (302067f14a4..., userDataDir: C:\Users\jkann\AppData\Loca...}, fedcm:accounts: true, goog:chromeOptions: {debuggerAddress: localhost:60974}, goog:processID: 38808, networkConnectionEnabled: false, pageLoadStrategy: normal, platformName: windows, proxy: Proxy(), se:cdp: ws://localhost:60974/devtoo..., se:cdpVersion: 142.0.7444.176, setWindowRect: true, strictFileInteractability: false, timeouts: {implicit: 0, pageLoad: 300000, script: 30000}, unhandledPromptBehavior: dismiss and notify, webauthn:extension:credBlob: true, webauthn:extension:largeBlob: true, webauthn:extension:minPinLength: true, webauthn:extension:prf: true, webauthn:virtualAuthenticators: true}
Element: [[ChromeDriver: chrome on windows (df974e70100b39181ad25762553fcb4d)] -&amp;gt; xpath: //button[@type=&amp;apos;submit&amp;apos;]]
Session ID: df974e70100b39181ad25762553fcb4d">
      <![CDATA[org.openqa.selenium.ElementClickInterceptedException: element click intercepted: Element is not clickable at point (331, 697)
  (Session info: chrome=142.0.7444.176)
Build info: version: '4.38.0', revision: '6b412e825c*'
System info: os.name: 'Windows 11', os.arch: 'amd64', os.version: '10.0', java.version: '21.0.9'
Driver info: org.openqa.selenium.chrome.ChromeDriver
Command: [df974e70100b39181ad25762553fcb4d, clickElement {id=f.5232E5C6691930A33C8DE0F89C0CF6A3.d.FB372B53FF038BBC5C3903AC92FC7FF7.e.71}]
Capabilities {acceptInsecureCerts: false, browserName: chrome, browserVersion: 142.0.7444.176, chrome: {chromedriverVersion: 142.0.7444.175 (302067f14a4..., userDataDir: C:\Users\jkann\AppData\Loca...}, fedcm:accounts: true, goog:chromeOptions: {debuggerAddress: localhost:60974}, goog:processID: 38808, networkConnectionEnabled: false, pageLoadStrategy: normal, platformName: windows, proxy: Proxy(), se:cdp: ws://localhost:60974/devtoo..., se:cdpVersion: 142.0.7444.176, setWindowRect: true, strictFileInteractability: false, timeouts: {implicit: 0, pageLoad: 300000, script: 30000}, unhandledPromptBehavior: dismiss and notify, webauthn:extension:credBlob: true, webauthn:extension:largeBlob: true, webauthn:extension:minPinLength: true, webauthn:extension:prf: true, webauthn:virtualAuthenticators: true}
Element: [[ChromeDriver: chrome on windows (df974e70100b39181ad25762553fcb4d)] -> xpath: //button[@type='submit']]
Session ID: df974e70100b39181ad25762553fcb4d
at org.openqa.selenium.remote.ErrorCodec.decode(ErrorCodec.java:167)
at org.openqa.selenium.remote.codec.w3c.W3CHttpResponseCodec.decode(W3CHttpResponseCodec.java:138)
at org.openqa.selenium.remote.codec.w3c.W3CHttpResponseCodec.decode(W3CHttpResponseCodec.java:50)
at org.openqa.selenium.remote.HttpCommandExecutor.execute(HttpCommandExecutor.java:215)
at org.openqa.selenium.remote.service.DriverCommandExecutor.invokeExecute(DriverCommandExecutor.java:216)
at org.openqa.selenium.remote.service.DriverCommandExecutor.execute(DriverCommandExecutor.java:174)
at org.openqa.selenium.remote.RemoteWebDriver.execute(RemoteWebDriver.java:557)
at org.openqa.selenium.remote.RemoteWebElement.execute(RemoteWebElement.java:223)
at org.openqa.selenium.remote.RemoteWebElement.click(RemoteWebElement.java:76)
at org.openqa.selenium.support.pagefactory.internal.LocatingElementHandler.invoke(LocatingElementHandler.java:51)
at jdk.proxy2/jdk.proxy2.$Proxy14.click(Unknown Source)
at utilities.PageUtility.click_on_element(PageUtility.java:35)
at pages.ContactPage.ContactPageUpdate(ContactPage.java:93)
at testscript.ContactTest.verifyContactPageUpdate(ContactTest.java:58)
at java.base/java.util.ArrayList.forEach(ArrayList.java:1596)
... Removed 30 stack frames]]>
    </failure>
  </testcase> <!-- verifyContactPageUpdate -->
  <testcase classname="testscript.CategoryTest" name="verifyCategoryPageUpdate" time="4.943"/>
</testsuite> <!-- ChromeTest -->
