<?xml version="1.0" encoding="UTF-8"?>
<!-- Generated by org.testng.reporters.JUnitXMLReporter -->
<testsuite ignored="0" hostname="jkannamp" failures="0" tests="11" name="FirefoxTest" time="157.577" errors="0" timestamp="2026-01-10T06:02:09 GMT">
  <testcase classname="com.demogrocery.app.AppTest" name="shouldAnswerWithTrue" time="0.03"/>
  <testcase classname="testscript.AdminTest" name="verifyAdminusersSave" time="0.0">
    <skipped/>
  </testcase> <!-- verifyAdminusersSave -->
  <testcase classname="testscript.CategoryTest" name="verifyCategoryPageAdd" time="4.601"/>
  <testcase classname="testscript.ContactTest" name="verifyContactPageUpdate" time="5.629"/>
  <testcase classname="testscript.FooterTextTest" name="verifyFooterTextUpdate" time="4.139"/>
  <testcase classname="testscript.NewsTest" name="verifyNewsIsCreated" time="3.516"/>
  <testcase classname="testscript.LoginTest" name="verifyloginWithValidCredentails" time="1.313"/>
  <testcase classname="testscript.LogoutTest" name="verifylogout" time="2.433"/>
  <testcase classname="testscript.LoginTest" name="verifyloginInvalidPassword" time="0.619"/>
  <testcase classname="testscript.LoginTest" name="verifyloginInvalidUsername" time="0.824"/>
  <testcase classname="testscript.LoginTest" name="verifyloginInvalidUsernamePassword" time="1.145"/>
</testsuite> <!-- FirefoxTest -->
