<?xml version="1.0" encoding="UTF-8"?>
<!-- Generated by org.testng.reporters.JUnitXMLReporter -->
<testsuite ignored="0" hostname="jkannamp" failures="0" tests="11" name="FirefoxTest" time="124.68" errors="0" timestamp="2026-01-09T06:29:42 GMT">
  <testcase classname="com.demogrocery.app.AppTest" name="shouldAnswerWithTrue" time="0.013"/>
  <testcase classname="testscript.AdminTest" name="verifyAdminusersSave" time="4.405"/>
  <testcase classname="testscript.CategoryTest" name="verifyCategoryPageAdd" time="3.563"/>
  <testcase classname="testscript.ContactTest" name="verifyContactPageUpdate" time="3.289"/>
  <testcase classname="testscript.FooterTextTest" name="verifyFooterTextUpdate" time="4.724"/>
  <testcase classname="testscript.NewsTest" name="verifyNewsIsCreated" time="2.695"/>
  <testcase classname="testscript.LoginTest" name="verifyloginWithValidCredentails" time="1.009"/>
  <testcase classname="testscript.LogoutTest" name="verifylogout" time="2.265"/>
  <testcase classname="testscript.LoginTest" name="verifyloginInvalidPassword" time="0.693"/>
  <testcase classname="testscript.LoginTest" name="verifyloginInvalidUsername" time="0.512"/>
  <testcase classname="testscript.LoginTest" name="verifyloginInvalidUsernamePassword" time="0.571"/>
</testsuite> <!-- FirefoxTest -->
