<?xml version="1.0" encoding="UTF-8"?>
<!-- Generated by org.testng.reporters.JUnitXMLReporter -->
<testsuite ignored="0" hostname="jkannamp" failures="1" tests="6" name="ChromeTest1" time="23.594" errors="0" timestamp="2026-01-09T06:55:35 GMT">
  <testcase classname="testscript.NewsTest" name="verifyNewsIsCreated" time="0.201">
    <failure type="org.apache.poi.openxml4j.exceptions.NotOfficeXmlFileException" message="No valid entries or contents found, this is not a valid OOXML (Office Open XML) file">
      <![CDATA[org.apache.poi.openxml4j.exceptions.NotOfficeXmlFileException: No valid entries or contents found, this is not a valid OOXML (Office Open XML) file
at org.apache.poi.openxml4j.util.ZipArchiveThresholdInputStream.getNextEntry(ZipArchiveThresholdInputStream.java:159)
at org.apache.poi.openxml4j.util.ZipInputStreamZipEntrySource.<init>(ZipInputStreamZipEntrySource.java:94)
at org.apache.poi.openxml4j.opc.ZipPackage.<init>(ZipPackage.java:157)
at org.apache.poi.openxml4j.opc.OPCPackage.open(OPCPackage.java:351)
at org.apache.poi.ooxml.util.PackageHelper.open(PackageHelper.java:64)
at org.apache.poi.xssf.usermodel.XSSFWorkbook.<init>(XSSFWorkbook.java:313)
at org.apache.poi.xssf.usermodel.XSSFWorkbook.<init>(XSSFWorkbook.java:287)
at utilities.ExcelUtility.readStringData(ExcelUtility.java:21)
at testscript.NewsTest.verifyNewsIsCreated(NewsTest.java:25)
at java.base/java.util.concurrent.Executors$RunnableAdapter.call(Executors.java:572)
at java.base/java.util.concurrent.FutureTask.run(FutureTask.java:317)
at java.base/java.util.concurrent.ThreadPoolExecutor.runWorker(ThreadPoolExecutor.java:1144)
at java.base/java.util.concurrent.ThreadPoolExecutor$Worker.run(ThreadPoolExecutor.java:642)
at java.base/java.lang.Thread.run(Thread.java:1583)
Caused by: java.util.zip.ZipException: Unexpected record signature: 0x8068068a
at org.apache.commons.compress.archivers.zip.ZipArchiveInputStream.getNextZipEntry(ZipArchiveInputStream.java:770)
at org.apache.poi.openxml4j.util.ZipArchiveThresholdInputStream.getNextEntry(ZipArchiveThresholdInputStream.java:150)
... 24 more
... Removed 11 stack frames]]>
    </failure>
  </testcase> <!-- verifyNewsIsCreated -->
  <testcase classname="testscript.LoginTest" name="verifyloginWithValidCredentails" time="0.355">
    <skipped/>
  </testcase> <!-- verifyloginWithValidCredentails -->
  <testcase classname="testscript.LoginTest" name="verifyloginWithValidCredentails" time="2.697"/>
  <testcase classname="testscript.LoginTest" name="verifyloginInvalidPassword" time="0.818"/>
  <testcase classname="testscript.LoginTest" name="verifyloginInvalidUsername" time="0.872"/>
  <testcase classname="testscript.LoginTest" name="verifyloginInvalidUsernamePassword" time="1.096"/>
</testsuite> <!-- ChromeTest1 -->
