<?xml version="1.0" encoding="UTF-8"?>
<!-- Generated by org.testng.reporters.JUnitXMLReporter -->
<testsuite ignored="0" hostname="jkannamp" failures="0" tests="4" name="ChromeTest1" time="23.35" errors="0" timestamp="2026-01-09T06:25:24 GMT">
  <testcase classname="testscript.LoginTest" name="verifyloginWithValidCredentails" time="3.195"/>
  <testcase classname="testscript.LoginTest" name="verifyloginInvalidPassword" time="1.096"/>
  <testcase classname="testscript.LoginTest" name="verifyloginInvalidUsername" time="1.068"/>
  <testcase classname="testscript.LoginTest" name="verifyloginInvalidUsernamePassword" time="1.131"/>
</testsuite> <!-- ChromeTest1 -->
